Arguments: 
  /home/deyemiobaa/.nvm/versions/node/v18.13.0/bin/node /home/deyemiobaa/.nvm/versions/node/v18.13.0/bin/yarn add @popperjs/core

PATH: 
  /home/deyemiobaa/.rbenv/plugins/ruby-build/bin:/home/deyemiobaa/.rbenv/plugins/ruby-build/fin:/home/deyemiobaa/.rbenv/plugins/ruby-build/fin:/home/deyemiobaa/.rbenv/bin:/home/deyemiobaa/.rbenv/shims:/home/deyemiobaa/.vscode-server/bin/97dec172d3256f8ca4bfb2143f3f76b503ca0534/bin/remote-cli:/home/deyemiobaa/.nvm/versions/node/v18.13.0/bin:/home/linuxbrew/.linuxbrew/bin:/home/linuxbrew/.linuxbrew/sbin:/home/deyemiobaa/.rbenv/plugins/ruby-build/bin:/home/deyemiobaa/.rbenv/plugins/ruby-build/fin:/home/deyemiobaa/.rbenv/plugins/ruby-build/fin:/home/deyemiobaa/.rbenv/bin:/home/deyemiobaa/.rbenv/shims:/usr/local/sbin:/usr/local/bin:/usr/sbin:/usr/bin:/sbin:/bin:/usr/games:/usr/local/games:/usr/lib/wsl/lib:/mnt/c/Program Files/WindowsApps/CanonicalGroupLimited.Ubuntu_2204.1.6.0_x64__79rhkp1fndgsc:/mnt/c/Program Files/ImageMagick-7.1.0-Q16-HDRI:/mnt/c/WINDOWS/system32:/mnt/c/WINDOWS:/mnt/c/WINDOWS/System32/Wbem:/mnt/c/WINDOWS/System32/WindowsPowerShell/v1.0/:/mnt/c/WINDOWS/System32/OpenSSH/:/mnt/c/Program Files/Git/cmd:/mnt/c/ProgramData/chocolatey/bin:/mnt/c/Program Files/Docker/Docker/resources/bin:/mnt/c/ProgramData/DockerDesktop/version-bin:/mnt/c/Program Files/Go/bin:/mnt/c/Program Files/nodejs/:/mnt/c/Ruby31-x64/bin:/mnt/c/Users/Sodiq Aderibigbe/AppData/Local/Microsoft/WindowsApps:/mnt/c/Users/Sodiq Aderibigbe/AppData/Local/Programs/Microsoft VS Code/bin:/mnt/c/Program Files/PostgreSQL/15/bin:/mnt/c/Program Files/heroku/bin:/mnt/c/Users/Sodiq Aderibigbe/.fly/bin:/mnt/c/Users/Sodiq Aderibigbe/go/bin:/mnt/c/Users/Sodiq Aderibigbe/AppData/Roaming/npm:/snap/bin

Yarn version: 
  1.22.19

Node version: 
  18.13.0

Platform: 
  linux x64

Trace: 
  SyntaxError: /home/deyemiobaa/projects/stridecatcher/package.json: Unexpected token } in JSON at position 300
      at JSON.parse (<anonymous>)
      at /home/deyemiobaa/.nvm/versions/node/v18.13.0/lib/node_modules/yarn/lib/cli.js:1629:59
      at Generator.next (<anonymous>)
      at step (/home/deyemiobaa/.nvm/versions/node/v18.13.0/lib/node_modules/yarn/lib/cli.js:310:30)
      at /home/deyemiobaa/.nvm/versions/node/v18.13.0/lib/node_modules/yarn/lib/cli.js:321:13

npm manifest: 
  {
    "name": "stridecatcher",
    "version": "1.0.0",
    "description": "app",
    "main": "index.js",
    "repository": "https://github.com/deyemiobaa/stridecatcher.git",
    "author": "sodiq <sodiqaderibigbe90@gmail.com>",
    "license": "MIT",
    "private": true,
    "dependencies": {
      "jquery": "^3.6.3",
    }
  }

yarn manifest: 
  No manifest

Lockfile: 
  # THIS IS AN AUTOGENERATED FILE. DO NOT EDIT THIS FILE DIRECTLY.
  # yarn lockfile v1
  
  
  jquery@^3.6.3:
    version "3.6.3"
    resolved "https://registry.yarnpkg.com/jquery/-/jquery-3.6.3.tgz#23ed2ffed8a19e048814f13391a19afcdba160e6"
    integrity sha512-bZ5Sy3YzKo9Fyc8wH2iIQK4JImJ6R0GWI9kL1/k7Z91ZBNgkRXE6U0JfHIizZbort8ZunhSI3jw9I6253ahKfg==
  
  popper.js@^1.16.1:
    version "1.16.1"
    resolved "https://registry.yarnpkg.com/popper.js/-/popper.js-1.16.1.tgz#2a223cb3dc7b6213d740e40372be40de43e65b1b"
    integrity sha512-Wb4p1J4zyFTbM+u6WuO4XstYx4Ky9Cewe4DWrel7B0w6VVICvPwdOpotjzcf6eD8TsckVnIMNONQyPIUFOUbCQ==
